16:11:52.713 [main] TRACE org.apache.xmlbeans.impl.common.XBeanDebug - Resolving type for handle ctcola95ftype
16:11:52.761 [main] TRACE org.apache.xmlbeans.impl.common.XBeanDebug - Resolving type for handle ctsheetdata8408type
16:11:52.769 [main] TRACE org.apache.xmlbeans.impl.common.XBeanDebug - Resolving type for handle ctrowdd39type
16:11:52.784 [main] TRACE org.apache.xmlbeans.impl.common.XBeanDebug - Resolving type for handle ctcell842btype
16:11:52.807 [main] TRACE org.apache.xmlbeans.impl.common.XBeanDebug - Resolving type for handle stcellrefe4e0type
16:11:52.856 [main] TRACE org.apache.xmlbeans.impl.common.XBeanDebug - Resolving type for handle stxstringf179type
16:11:52.870 [main] TRACE org.apache.xmlbeans.impl.common.XBeanDebug - Resolving type for handle stcelltypebf95type
16:11:52.918 [main] TRACE org.apache.xmlbeans.impl.common.XBeanDebug - Resolving type for handle stcellstylexfid70c7type
16:11:52.932 [main] TRACE org.apache.xmlbeans.impl.common.XBeanDebug - Resolving type for handle ctsheetdimensiond310type
16:11:52.940 [main] TRACE org.apache.xmlbeans.impl.common.XBeanDebug - Resolving type for handle stref90a2type
16:11:52.978 [main] TRACE org.apache.xmlbeans.impl.common.XBeanDebug - Resolving type for handle propertiesee84doctype
16:11:52.982 [main] TRACE org.apache.xmlbeans.impl.common.XBeanDebug - Resolving type for handle ctproperties3f10type
16:11:53.001 [main] TRACE org.apache.xmlbeans.impl.common.XBeanDebug - Resolving type for handle properties288cdoctype
16:11:53.005 [main] TRACE org.apache.xmlbeans.impl.common.XBeanDebug - Resolving type for handle ctproperties2c18type
16:11:53.043 [main] DEBUG org.apache.poi.openxml4j.opc.ZipPackage - Save content types part
16:11:53.257 [main] DEBUG org.apache.poi.openxml4j.opc.ZipPackage - Save package relationships
16:11:53.267 [main] DEBUG org.apache.poi.openxml4j.opc.ZipPackage - Save part 'docProps/app.xml'
16:11:53.268 [main] DEBUG org.apache.poi.openxml4j.opc.ZipPackage - Save part 'docProps/core.xml'
16:11:53.275 [main] DEBUG org.apache.poi.openxml4j.opc.ZipPackage - Save part 'xl/sharedStrings.xml'
16:11:53.276 [main] DEBUG org.apache.poi.openxml4j.opc.ZipPackage - Save part 'xl/styles.xml'
16:11:53.277 [main] DEBUG org.apache.poi.openxml4j.opc.ZipPackage - Save part 'xl/theme/theme1.xml'
16:11:53.279 [main] DEBUG org.apache.poi.openxml4j.opc.ZipPackage - Save part 'xl/workbook.xml'
16:11:53.283 [main] DEBUG org.apache.poi.openxml4j.opc.ZipPackage - Save part 'xl/worksheets/sheet1.xml'
16:11:53.284 [main] DEBUG org.apache.poi.openxml4j.opc.ZipPackage - Save part 'xl/worksheets/sheet2.xml'
16:11:53.287 [main] INFO  testCases.TS01_UpcomingBikes - Upcoming honda bikes less than four lakhs got executed and printed
16:12:27.260 [main] INFO  testCases.TS02_UsedCars - Hover done on used cars 
16:12:45.687 [main] INFO  testCases.TS02_UsedCars - Used cars in chennai got clicked
16:12:51.633 [main] DEBUG org.apache.poi.openxml4j.opc.PackageRelationshipCollection - Parsing relationship: /xl/_rels/workbook.xml.rels
16:12:51.635 [main] DEBUG org.apache.poi.openxml4j.opc.PackageRelationshipCollection - Parsing relationship: /_rels/.rels
16:12:51.713 [main] DEBUG org.apache.poi.openxml4j.opc.ZipPackage - Save content types part
16:12:51.716 [main] DEBUG org.apache.poi.openxml4j.opc.ZipPackage - Save package relationships
16:12:51.719 [main] DEBUG org.apache.poi.openxml4j.opc.ZipPackage - Save part 'docProps/app.xml'
16:12:51.720 [main] DEBUG org.apache.poi.openxml4j.opc.ZipPackage - Save part 'docProps/core.xml'
16:12:51.723 [main] DEBUG org.apache.poi.openxml4j.opc.ZipPackage - Save part 'xl/sharedStrings.xml'
16:12:51.724 [main] DEBUG org.apache.poi.openxml4j.opc.ZipPackage - Save part 'xl/styles.xml'
16:12:51.724 [main] DEBUG org.apache.poi.openxml4j.opc.ZipPackage - Save part 'xl/theme/theme1.xml'
16:12:51.725 [main] DEBUG org.apache.poi.openxml4j.opc.ZipPackage - Save part 'xl/workbook.xml'
16:12:51.728 [main] DEBUG org.apache.poi.openxml4j.opc.ZipPackage - Save part 'xl/worksheets/sheet1.xml'
16:12:51.729 [main] DEBUG org.apache.poi.openxml4j.opc.ZipPackage - Save part 'xl/worksheets/sheet2.xml'
16:12:51.731 [main] INFO  testCases.TS02_UsedCars - Popular models of Used cars in chennai got executed and printed
16:13:11.634 [main] INFO  testCases.TS03_GoogleSignIn - Clicked on Login button
16:13:51.996 [main] INFO  testCases.TS03_GoogleSignIn - Clicked on login with google
16:14:32.077 [main] DEBUG org.apache.poi.openxml4j.opc.PackageRelationshipCollection - Parsing relationship: /xl/_rels/workbook.xml.rels
16:14:32.078 [main] DEBUG org.apache.poi.openxml4j.opc.PackageRelationshipCollection - Parsing relationship: /xl/worksheets/_rels/sheet1.xml.rels
16:14:32.079 [main] DEBUG org.apache.poi.openxml4j.opc.PackageRelationshipCollection - Parsing relationship: /_rels/.rels
16:14:32.105 [main] TRACE org.apache.xmlbeans.impl.common.XBeanDebug - Resolving type for handle cthyperlinks6416type
16:14:32.111 [main] TRACE org.apache.xmlbeans.impl.common.XBeanDebug - Resolving type for handle cthyperlink0c85type
